<?xml version="1.0" encoding="UTF-8"?>
<!-- Generated by org.testng.reporters.JUnitXMLReporter -->
<testsuite ignored="0" hostname="DESKTOP-CK6F8T0" failures="0" tests="4" name="Default test" time="2.879" errors="0" timestamp="2020-01-20T17:00:11 IST">
  <testcase classname="com.RestAssuredTest.TestNGDemo" name="GetAllPosts" time="2.435"/>
  <testcase classname="com.RestAssuredTest.TestNGDemo" name="AddNewPost" time="0.188"/>
  <testcase classname="com.RestAssuredTest.TestNGDemo" name="UpdatePost" time="0.093"/>
  <testcase classname="com.RestAssuredTest.TestNGDemo" name="DeletePost" time="0.078"/>
</testsuite> <!-- Default test -->
