<?xml version="1.0" encoding="UTF-8"?>
<testng-results ignored="0" total="1" passed="1" failed="0" skipped="0">
  <reporter-output>
  </reporter-output>
  <suite started-at="2020-01-22T13:21:06 IST" name="Suite" finished-at="2020-01-22T13:21:26 IST" duration-ms="20519">
    <groups>
    </groups>
    <test started-at="2020-01-22T13:21:06 IST" name="Test" finished-at="2020-01-22T13:21:26 IST" duration-ms="20519">
      <class name="com.myMavenProject.mySeleniumTestProject.TestClass">
        <test-method is-config="true" signature="launchDriver()[pri:0, instance:com.myMavenProject.mySeleniumTestProject.TestClass@1c72da34]" started-at="2020-01-22T13:21:06 IST" name="launchDriver" finished-at="2020-01-22T13:21:11 IST" duration-ms="5024" status="PASS">
          <reporter-output>
          </reporter-output>
        </test-method> <!-- launchDriver -->
        <test-method signature="Test1()[pri:0, instance:com.myMavenProject.mySeleniumTestProject.TestClass@1c72da34]" started-at="2020-01-22T13:21:11 IST" name="Test1" finished-at="2020-01-22T13:21:25 IST" duration-ms="14502" status="PASS">
          <reporter-output>
          </reporter-output>
        </test-method> <!-- Test1 -->
        <test-method is-config="true" signature="quitBrowser()[pri:0, instance:com.myMavenProject.mySeleniumTestProject.TestClass@1c72da34]" started-at="2020-01-22T13:21:25 IST" name="quitBrowser" finished-at="2020-01-22T13:21:26 IST" duration-ms="941" status="PASS">
          <reporter-output>
          </reporter-output>
        </test-method> <!-- quitBrowser -->
      </class> <!-- com.myMavenProject.mySeleniumTestProject.TestClass -->
    </test> <!-- Test -->
  </suite> <!-- Suite -->
</testng-results>
