<?xml version="1.0" encoding="UTF-8"?>
<testng-results ignored="0" total="1" passed="1" failed="0" skipped="0">
  <reporter-output>
  </reporter-output>
  <suite started-at="2020-01-23T11:50:55 IST" name="Suite" finished-at="2020-01-23T11:51:13 IST" duration-ms="17323">
    <groups>
    </groups>
    <test started-at="2020-01-23T11:50:55 IST" name="Test" finished-at="2020-01-23T11:51:13 IST" duration-ms="17323">
      <class name="com.myMavenProject.mySeleniumTestProject.TestClass">
        <test-method is-config="true" signature="launchDriver()[pri:0, instance:com.myMavenProject.mySeleniumTestProject.TestClass@1c72da34]" started-at="2020-01-23T11:50:55 IST" name="launchDriver" finished-at="2020-01-23T11:51:00 IST" duration-ms="4734" status="PASS">
          <reporter-output>
          </reporter-output>
        </test-method> <!-- launchDriver -->
        <test-method signature="Test1()[pri:0, instance:com.myMavenProject.mySeleniumTestProject.TestClass@1c72da34]" started-at="2020-01-23T11:51:00 IST" name="Test1" finished-at="2020-01-23T11:51:11 IST" duration-ms="11474" status="PASS">
          <reporter-output>
          </reporter-output>
        </test-method> <!-- Test1 -->
        <test-method is-config="true" signature="quitBrowser()[pri:0, instance:com.myMavenProject.mySeleniumTestProject.TestClass@1c72da34]" started-at="2020-01-23T11:51:11 IST" name="quitBrowser" finished-at="2020-01-23T11:51:13 IST" duration-ms="1056" status="PASS">
          <reporter-output>
          </reporter-output>
        </test-method> <!-- quitBrowser -->
      </class> <!-- com.myMavenProject.mySeleniumTestProject.TestClass -->
    </test> <!-- Test -->
  </suite> <!-- Suite -->
</testng-results>
