<?xml version="1.0" encoding="UTF-8"?>
<testng-results ignored="0" total="1" passed="1" failed="0" skipped="0">
  <reporter-output>
  </reporter-output>
  <suite started-at="2020-01-23T12:01:04 IST" name="Default suite" finished-at="2020-01-23T12:01:24 IST" duration-ms="20350">
    <groups>
    </groups>
    <test started-at="2020-01-23T12:01:04 IST" name="Default test" finished-at="2020-01-23T12:01:24 IST" duration-ms="20350">
      <class name="com.myMavenProject.mySeleniumTestProject.TestClass">
        <test-method is-config="true" signature="launchDriver()[pri:0, instance:com.myMavenProject.mySeleniumTestProject.TestClass@769e7ee8]" started-at="2020-01-23T12:01:04 IST" name="launchDriver" finished-at="2020-01-23T12:01:09 IST" duration-ms="5161" status="PASS">
          <reporter-output>
          </reporter-output>
        </test-method> <!-- launchDriver -->
        <test-method signature="Test1()[pri:0, instance:com.myMavenProject.mySeleniumTestProject.TestClass@769e7ee8]" started-at="2020-01-23T12:01:09 IST" name="Test1" finished-at="2020-01-23T12:01:23 IST" duration-ms="13911" status="PASS">
          <reporter-output>
          </reporter-output>
        </test-method> <!-- Test1 -->
        <test-method is-config="true" signature="quitBrowser()[pri:0, instance:com.myMavenProject.mySeleniumTestProject.TestClass@769e7ee8]" started-at="2020-01-23T12:01:23 IST" name="quitBrowser" finished-at="2020-01-23T12:01:24 IST" duration-ms="1226" status="PASS">
          <reporter-output>
          </reporter-output>
        </test-method> <!-- quitBrowser -->
      </class> <!-- com.myMavenProject.mySeleniumTestProject.TestClass -->
    </test> <!-- Default test -->
  </suite> <!-- Default suite -->
</testng-results>
